{
  "uid" : "9a8e3165a137efee",
  "name" : "test_navigation_is_clickable",
  "fullName" : "proj01_poc.test_case.case2001_check_homepage.Test_POC#test_navigation_is_clickable",
  "historyId" : "f29e6bafd95c3151742913094c696646",
  "time" : {
    "start" : 1589455152115,
    "stop" : 1589455152123,
    "duration" : 8
  },
  "description" : "\n        this is the testcase 002 description\n        ",
  "descriptionHtml" : "<pre><code>    this is the testcase 002 description\n</code></pre>\n",
  "status" : "failed",
  "statusMessage" : "AssertionError: assert 1 == 0\n +  where 1 = <proj01_poc.test_case.case2001_check_homepage.Test_POC testMethod=test_navigation_is_clickable>.res",
  "statusTrace" : "self = <proj01_poc.test_case.case2001_check_homepage.Test_POC testMethod=test_navigation_is_clickable>\n\n    @allure.severity(\"normal\")\n    @allure.feature(\"check home page\")\n    @allure.story('check home button is clickable')\n    @pytest.mark.run(order=2)\n    def test_navigation_is_clickable(self):\n        \"\"\"\n        this is the testcase 002 description\n        \"\"\"\n        self.res = 0\n        try:\n            self.homepage.element_is_clickable(self.homepage.element.hompage_navigation)\n            self.homepage.logger.info(\"home button is clickable\")\n        except:\n            self.res += 1\n            self.homepage.logger.warning(\"this button is not clickable\")\n>       assert self.res == 0\nE       AssertionError: assert 1 == 0\nE        +  where 1 = <proj01_poc.test_case.case2001_check_homepage.Test_POC testMethod=test_navigation_is_clickable>.res\n\nproj01_poc\\test_case\\case2001_check_homepage.py:52: AssertionError",
  "flaky" : true,
  "beforeStages" : [ {
    "name" : "_UnitTestCase__pytest_class_setup",
    "time" : {
      "start" : 1589455145454,
      "stop" : 1589455152113,
      "duration" : 6659
    },
    "status" : "passed",
    "steps" : [ ],
    "attachments" : [ ],
    "parameters" : [ ],
    "stepsCount" : 0,
    "hasContent" : false,
    "attachmentsCount" : 0,
    "shouldDisplayMessage" : false
  } ],
  "testStage" : {
    "description" : "\n        this is the testcase 002 description\n        ",
    "status" : "failed",
    "statusMessage" : "AssertionError: assert 1 == 0\n +  where 1 = <proj01_poc.test_case.case2001_check_homepage.Test_POC testMethod=test_navigation_is_clickable>.res",
    "statusTrace" : "self = <proj01_poc.test_case.case2001_check_homepage.Test_POC testMethod=test_navigation_is_clickable>\n\n    @allure.severity(\"normal\")\n    @allure.feature(\"check home page\")\n    @allure.story('check home button is clickable')\n    @pytest.mark.run(order=2)\n    def test_navigation_is_clickable(self):\n        \"\"\"\n        this is the testcase 002 description\n        \"\"\"\n        self.res = 0\n        try:\n            self.homepage.element_is_clickable(self.homepage.element.hompage_navigation)\n            self.homepage.logger.info(\"home button is clickable\")\n        except:\n            self.res += 1\n            self.homepage.logger.warning(\"this button is not clickable\")\n>       assert self.res == 0\nE       AssertionError: assert 1 == 0\nE        +  where 1 = <proj01_poc.test_case.case2001_check_homepage.Test_POC testMethod=test_navigation_is_clickable>.res\n\nproj01_poc\\test_case\\case2001_check_homepage.py:52: AssertionError",
    "steps" : [ ],
    "attachments" : [ {
      "uid" : "3c7f69bf17ba3cf9",
      "name" : "log",
      "source" : "3c7f69bf17ba3cf9.txt",
      "type" : "text/plain",
      "size" : 65
    } ],
    "parameters" : [ ],
    "stepsCount" : 0,
    "hasContent" : true,
    "attachmentsCount" : 1,
    "shouldDisplayMessage" : true
  },
  "afterStages" : [ {
    "name" : "_UnitTestCase__pytest_class_setup::0",
    "time" : {
      "start" : 1589455152215,
      "stop" : 1589455153158,
      "duration" : 943
    },
    "status" : "passed",
    "steps" : [ ],
    "attachments" : [ ],
    "parameters" : [ ],
    "stepsCount" : 0,
    "hasContent" : false,
    "attachmentsCount" : 0,
    "shouldDisplayMessage" : false
  } ],
  "labels" : [ {
    "name" : "story",
    "value" : "check home button is clickable"
  }, {
    "name" : "feature",
    "value" : "check home page"
  }, {
    "name" : "severity",
    "value" : "normal"
  }, {
    "name" : "parentSuite",
    "value" : "proj01_poc.test_case"
  }, {
    "name" : "suite",
    "value" : "case2001_check_homepage"
  }, {
    "name" : "subSuite",
    "value" : "Test_POC"
  }, {
    "name" : "host",
    "value" : "USER-20190323YT"
  }, {
    "name" : "thread",
    "value" : "14096-MainThread"
  }, {
    "name" : "framework",
    "value" : "pytest"
  }, {
    "name" : "language",
    "value" : "cpython3"
  }, {
    "name" : "package",
    "value" : "proj01_poc.test_case.case2001_check_homepage"
  }, {
    "name" : "resultFormat",
    "value" : "allure2"
  } ],
  "parameters" : [ ],
  "links" : [ ],
  "hidden" : false,
  "retry" : false,
  "extra" : {
    "severity" : "normal",
    "retries" : [ {
      "uid" : "47571c56e5316c5",
      "status" : "failed",
      "statusDetails" : "AssertionError: assert 1 == 0\n +  where 1 = <proj01_poc.test_case.case2001_check_homepage.Test_POC testMethod=test_navigation_is_clickable>.res",
      "time" : {
        "start" : 1589454113519,
        "stop" : 1589454113524,
        "duration" : 5
      }
    }, {
      "uid" : "e7d45a4d05148c57",
      "status" : "failed",
      "statusDetails" : "AssertionError: assert 1 == 0\n +  where 1 = <proj01_poc.test_case.case2001_check_homepage.Test_POC testMethod=test_navigation_is_clickable>.res",
      "time" : {
        "start" : 1589453748864,
        "stop" : 1589453748870,
        "duration" : 6
      }
    }, {
      "uid" : "28f755855056dd80",
      "status" : "failed",
      "statusDetails" : "AssertionError: assert 1 == 0\n +  where 1 = <proj01_poc.test_case.case2001_check_homepage.Test_POC testMethod=test_navigation_is_clickable>.res",
      "time" : {
        "start" : 1589453641457,
        "stop" : 1589453641463,
        "duration" : 6
      }
    }, {
      "uid" : "a0d312e37e2a165f",
      "status" : "broken",
      "statusDetails" : "TypeError: setUpClass() missing 1 required positional argument: 'cls'",
      "time" : {
        "start" : 1589453559342,
        "stop" : 1589453559342,
        "duration" : 0
      }
    }, {
      "uid" : "e448cf7e2dc13519",
      "status" : "broken",
      "statusDetails" : "TypeError: setUpClass() missing 1 required positional argument: 'cls'",
      "time" : {
        "start" : 1589453502151,
        "stop" : 1589453502151,
        "duration" : 0
      }
    }, {
      "uid" : "cd57eee2e122ffa6",
      "status" : "passed",
      "time" : {
        "start" : 1589453319460,
        "stop" : 1589453327340,
        "duration" : 7880
      }
    }, {
      "uid" : "6af895f4b39c12cf",
      "status" : "broken",
      "statusDetails" : "selenium.common.exceptions.NoSuchElementException: Message: Unable to locate element: .nae-nav-link",
      "time" : {
        "start" : 1589452236765,
        "stop" : 1589452244204,
        "duration" : 7439
      }
    } ],
    "categories" : [ {
      "name" : "Product defects",
      "matchedStatuses" : [ ],
      "flaky" : false
    } ],
    "tags" : [ ]
  },
  "source" : "9a8e3165a137efee.json",
  "parameterValues" : [ ]
}